Loading matlab/R2021b
  Loading requirement: cuda/9.1

                            < M A T L A B (R) >
                  Copyright 1984-2021 The MathWorks, Inc.
             R2021b Update 6 (9.11.0.2207237) 64-bit (glnxa64)
                             February 23, 2023

 
To get started, type doc.
For product information, visit www.mathworks.com.
 
Starting parallel pool (parpool) using the 'local' profile ...
Connected to the parallel pool (number of workers: 40).
Level #1
Level #2
Level #3
Level #4
Level #5
Level #6
Level #7
Level #8
Eta #1, Loop over Eps: .....................................................................................................
Eta #2, Loop over Eps: .....................................................................................................
Eta #3, Loop over Eps: .....................................................................................................
Eta #4, Loop over Eps: .....................................................................................................
Eta #5, Loop over Eps: .....................................................................................................
Eta #6, Loop over Eps: .....................................................................................................
Eta #7, Loop over Eps: .....................................................................................................
Eta #8, Loop over Eps: .....................................................................................................
Eta #9, Loop over Eps: .....................................................................................................
Eta #10, Loop over Eps: .....................................................................................................
Eta #11, Loop over Eps: .....................................................................................................
Eta #12, Loop over Eps: .....................................................................................................
Eta #13, Loop over Eps: .....................................................................................................
Eta #14, Loop over Eps: .....................................................................................................
Eta #15, Loop over Eps: .....................................................................................................
Eta #16, Loop over Eps: .....................................................................................................
Eta #17, Loop over Eps: .....................................................................................................
Eta #18, Loop over Eps: .....................................................................................................
Eta #19, Loop over Eps: .....................................................................................................
Eta #20, Loop over Eps: .....................................................................................................
Eta #21, Loop over Eps: .....................................................................................................
Eta #22, Loop over Eps: .....................................................................................................
Eta #23, Loop over Eps: .....................................................................................................
Eta #24, Loop over Eps: .....................................................................................................
Eta #25, Loop over Eps: .....................................................................................................
Eta #26, Loop over Eps: .....................................................................................................
Eta #27, Loop over Eps: .....................................................................................................
Eta #28, Loop over Eps: .....................................................................................................
Eta #29, Loop over Eps: .....................................................................................................
Eta #30, Loop over Eps: .....................................................................................................
Eta #31, Loop over Eps: .....................................................................................................
Eta #32, Loop over Eps: .....................................................................................................
Eta #33, Loop over Eps: .....................................................................................................
Eta #34, Loop over Eps: .....................................................................................................
Eta #35, Loop over Eps: .....................................................................................................
Eta #36, Loop over Eps: .....................................................................................................
Eta #37, Loop over Eps: .....................................................................................................
Eta #38, Loop over Eps: .....................................................................................................
Eta #39, Loop over Eps: .....................................................................................................
Eta #40, Loop over Eps: .....................................................................................................
Eta #41, Loop over Eps: .....................................................................................................
Eta #42, Loop over Eps: .....................................................................................................
Eta #43, Loop over Eps: .....................................................................................................
Eta #44, Loop over Eps: .....................................................................................................
Eta #45, Loop over Eps: .....................................................................................................
Eta #46, Loop over Eps: .....................................................................................................
Eta #47, Loop over Eps: .....................................................................................................
Eta #48, Loop over Eps: .....................................................................................................
Eta #49, Loop over Eps: .....................................................................................................
Eta #50, Loop over Eps: .....................................................................................................
Eta #51, Loop over Eps: .....................................................................................................
Eta #52, Loop over Eps: .....................................................................................................
Eta #53, Loop over Eps: .....................................................................................................
Eta #54, Loop over Eps: .....................................................................................................
Eta #55, Loop over Eps: .....................................................................................................
Eta #56, Loop over Eps: .....................................................................................................
Eta #57, Loop over Eps: .....................................................................................................
Eta #58, Loop over Eps: .....................................................................................................
Eta #59, Loop over Eps: .....................................................................................................
Eta #60, Loop over Eps: .....................................................................................................
Eta #61, Loop over Eps: .....................................................................................................
Eta #62, Loop over Eps: .....................................................................................................
Eta #63, Loop over Eps: .....................................................................................................
Eta #64, Loop over Eps: .....................................................................................................
Eta #65, Loop over Eps: .....................................................................................................
Eta #66, Loop over Eps: .....................................................................................................
Eta #67, Loop over Eps: .....................................................................................................
Eta #68, Loop over Eps: .....................................................................................................
Eta #69, Loop over Eps: .....................................................................................................
Eta #70, Loop over Eps: .....................................................................................................
Eta #71, Loop over Eps: .....................................................................................................
Eta #72, Loop over Eps: .....................................................................................................
Eta #73, Loop over Eps: .....................................................................................................
Eta #74, Loop over Eps: .....................................................................................................
Eta #75, Loop over Eps: .....................................................................................................
Eta #76, Loop over Eps: .....................................................................................................
Eta #77, Loop over Eps: .....................................................................................................
Eta #78, Loop over Eps: .....................................................................................................
Eta #79, Loop over Eps: .....................................................................................................
Eta #80, Loop over Eps: .....................................................................................................
Eta #81, Loop over Eps: .....................................................................................................
Eta #82, Loop over Eps: .....................................................................................................
Eta #83, Loop over Eps: .....................................................................................................
Eta #84, Loop over Eps: .....................................................................................................
Eta #85, Loop over Eps: .....................................................................................................
Eta #86, Loop over Eps: .....................................................................................................
Eta #87, Loop over Eps: .....................................................................................................
Eta #88, Loop over Eps: .....................................................................................................
Eta #89, Loop over Eps: .....................................................................................................
Eta #90, Loop over Eps: .....................................................................................................
Eta #91, Loop over Eps: .....................................................................................................
Eta #92, Loop over Eps: .....................................................................................................
Eta #93, Loop over Eps: .....................................................................................................
Eta #94, Loop over Eps: .....................................................................................................
Eta #95, Loop over Eps: .....................................................................................................
Eta #96, Loop over Eps: .....................................................................................................
Eta #97, Loop over Eps: .....................................................................................................
Eta #98, Loop over Eps: .....................................................................................................
Eta #99, Loop over Eps: .....................................................................................................
Eta #100, Loop over Eps: .....................................................................................................
