Loading matlab/R2021b
  Loading requirement: cuda/9.1

                            < M A T L A B (R) >
                  Copyright 1984-2021 The MathWorks, Inc.
             R2021b Update 6 (9.11.0.2207237) 64-bit (glnxa64)
                             February 23, 2023

 
To get started, type doc.
For product information, visit www.mathworks.com.
 
	Model 3
Beginning optimization of a STOCHASTIC objective fcn.

Optimization terminated: mesh size less than OPTIONS.TolMesh.
Estimated function value at minimum: 15947.2 +/- 0.229278 (mean +/- SEM from 30 samples).

Beginning optimization of a STOCHASTIC objective fcn.

Optimization terminated: mesh size less than OPTIONS.TolMesh.
Estimated function value at minimum: 17534.6 +/- 5.83862 (mean +/- SEM from 30 samples).

Beginning optimization of a STOCHASTIC objective fcn.

Optimization terminated: change in the function value less than OPTIONS.TolFun.
Estimated function value at minimum: 15946.7 +/- 0.265688 (mean +/- SEM from 30 samples).

Beginning optimization of a STOCHASTIC objective fcn.

Optimization terminated: mesh size less than OPTIONS.TolMesh.
Estimated function value at minimum: 15947 +/- 0.304887 (mean +/- SEM from 30 samples).

Beginning optimization of a STOCHASTIC objective fcn.

Optimization terminated: change in the function value less than OPTIONS.TolFun.
Estimated function value at minimum: 15946.8 +/- 0.270821 (mean +/- SEM from 30 samples).

Beginning optimization of a STOCHASTIC objective fcn.

Optimization terminated: change in the function value less than OPTIONS.TolFun.
Estimated function value at minimum: 16296.2 +/- 0.197572 (mean +/- SEM from 30 samples).

Beginning optimization of a STOCHASTIC objective fcn.

Optimization terminated: change in the function value less than OPTIONS.TolFun.
Estimated function value at minimum: 15947.1 +/- 0.199639 (mean +/- SEM from 30 samples).

Beginning optimization of a STOCHASTIC objective fcn.

Optimization terminated: mesh size less than OPTIONS.TolMesh.
Estimated function value at minimum: 15946.7 +/- 0.2379 (mean +/- SEM from 30 samples).

Beginning optimization of a STOCHASTIC objective fcn.

Optimization terminated: change in the function value less than OPTIONS.TolFun.
Estimated function value at minimum: 19168.7 +/- 2.27198 (mean +/- SEM from 30 samples).

Beginning optimization of a STOCHASTIC objective fcn.

Optimization terminated: mesh size less than OPTIONS.TolMesh.
Estimated function value at minimum: 15947.7 +/- 0.27714 (mean +/- SEM from 30 samples).

Beginning optimization of a STOCHASTIC objective fcn.

Optimization terminated: change in the function value less than OPTIONS.TolFun.
Estimated function value at minimum: 15946.8 +/- 0.243903 (mean +/- SEM from 30 samples).

Beginning optimization of a STOCHASTIC objective fcn.

Optimization terminated: change in the function value less than OPTIONS.TolFun.
Estimated function value at minimum: 15955.2 +/- 0.294972 (mean +/- SEM from 30 samples).

Beginning optimization of a STOCHASTIC objective fcn.

Optimization terminated: change in the function value less than OPTIONS.TolFun.
Estimated function value at minimum: 16026.6 +/- 0.220526 (mean +/- SEM from 30 samples).

Beginning optimization of a STOCHASTIC objective fcn.

Optimization terminated: change in the function value less than OPTIONS.TolFun.
Estimated function value at minimum: 16538.1 +/- 0.399733 (mean +/- SEM from 30 samples).

Beginning optimization of a STOCHASTIC objective fcn.

Optimization terminated: change in the function value less than OPTIONS.TolFun.
Estimated function value at minimum: 15948.6 +/- 0.255767 (mean +/- SEM from 30 samples).

Beginning optimization of a STOCHASTIC objective fcn.

Optimization terminated: change in the function value less than OPTIONS.TolFun.
Estimated function value at minimum: 17311.9 +/- 2.52252 (mean +/- SEM from 30 samples).

Beginning optimization of a STOCHASTIC objective fcn.

Optimization terminated: change in the function value less than OPTIONS.TolFun.
Estimated function value at minimum: 16947.6 +/- 0.297381 (mean +/- SEM from 30 samples).

Beginning optimization of a STOCHASTIC objective fcn.

Optimization terminated: change in the function value less than OPTIONS.TolFun.
Estimated function value at minimum: 19488.9 +/- 0.234249 (mean +/- SEM from 30 samples).

Beginning optimization of a STOCHASTIC objective fcn.

Optimization terminated: mesh size less than OPTIONS.TolMesh.
Estimated function value at minimum: 15947.3 +/- 0.240952 (mean +/- SEM from 30 samples).

Beginning optimization of a STOCHASTIC objective fcn.

Optimization terminated: change in the function value less than OPTIONS.TolFun.
Estimated function value at minimum: 15948 +/- 0.240944 (mean +/- SEM from 30 samples).

Beginning optimization of a STOCHASTIC objective fcn.

Optimization terminated: change in the function value less than OPTIONS.TolFun.
Estimated function value at minimum: 15946.8 +/- 0.222743 (mean +/- SEM from 30 samples).

Beginning optimization of a STOCHASTIC objective fcn.

Optimization terminated: mesh size less than OPTIONS.TolMesh.
Estimated function value at minimum: 15947.4 +/- 0.270237 (mean +/- SEM from 30 samples).

Beginning optimization of a STOCHASTIC objective fcn.

Optimization terminated: mesh size less than OPTIONS.TolMesh.
Estimated function value at minimum: 17319.1 +/- 2.24421 (mean +/- SEM from 30 samples).

Beginning optimization of a STOCHASTIC objective fcn.

Optimization terminated: change in the function value less than OPTIONS.TolFun.
Estimated function value at minimum: 16014.7 +/- 0.252985 (mean +/- SEM from 30 samples).

Beginning optimization of a STOCHASTIC objective fcn.

Optimization terminated: change in the function value less than OPTIONS.TolFun.
Estimated function value at minimum: 15947 +/- 0.228115 (mean +/- SEM from 30 samples).

Beginning optimization of a STOCHASTIC objective fcn.

Optimization terminated: mesh size less than OPTIONS.TolMesh.
Estimated function value at minimum: 15947 +/- 0.252477 (mean +/- SEM from 30 samples).

Beginning optimization of a STOCHASTIC objective fcn.

Optimization terminated: change in the function value less than OPTIONS.TolFun.
Estimated function value at minimum: 16096.3 +/- 0.256845 (mean +/- SEM from 30 samples).

Beginning optimization of a STOCHASTIC objective fcn.

Optimization terminated: mesh size less than OPTIONS.TolMesh.
Estimated function value at minimum: 15947.2 +/- 0.232181 (mean +/- SEM from 30 samples).

Beginning optimization of a STOCHASTIC objective fcn.

Optimization terminated: change in the function value less than OPTIONS.TolFun.
Estimated function value at minimum: 15954.8 +/- 0.264231 (mean +/- SEM from 30 samples).

Beginning optimization of a STOCHASTIC objective fcn.

Optimization terminated: change in the function value less than OPTIONS.TolFun.
Estimated function value at minimum: 15946.7 +/- 0.242464 (mean +/- SEM from 30 samples).

Beginning optimization of a STOCHASTIC objective fcn.

Optimization terminated: change in the function value less than OPTIONS.TolFun.
Estimated function value at minimum: 15968 +/- 0.224141 (mean +/- SEM from 30 samples).

Beginning optimization of a STOCHASTIC objective fcn.

Optimization terminated: mesh size less than OPTIONS.TolMesh.
Estimated function value at minimum: 15947.3 +/- 0.273586 (mean +/- SEM from 30 samples).

Beginning optimization of a STOCHASTIC objective fcn.

Optimization terminated: change in the function value less than OPTIONS.TolFun.
Estimated function value at minimum: 15960 +/- 0.291818 (mean +/- SEM from 30 samples).

Beginning optimization of a STOCHASTIC objective fcn.

Optimization terminated: mesh size less than OPTIONS.TolMesh.
Estimated function value at minimum: 15947.4 +/- 0.227489 (mean +/- SEM from 30 samples).

Beginning optimization of a STOCHASTIC objective fcn.

Optimization terminated: change in the function value less than OPTIONS.TolFun.
Estimated function value at minimum: 17376.6 +/- 0.196266 (mean +/- SEM from 30 samples).

Beginning optimization of a STOCHASTIC objective fcn.

Optimization terminated: change in the function value less than OPTIONS.TolFun.
Estimated function value at minimum: 15947 +/- 0.220696 (mean +/- SEM from 30 samples).

Beginning optimization of a STOCHASTIC objective fcn.

Optimization terminated: mesh size less than OPTIONS.TolMesh.
Estimated function value at minimum: 15946.6 +/- 0.310497 (mean +/- SEM from 30 samples).

Beginning optimization of a STOCHASTIC objective fcn.

Optimization terminated: change in the function value less than OPTIONS.TolFun.
Estimated function value at minimum: 15946.5 +/- 0.229938 (mean +/- SEM from 30 samples).

Beginning optimization of a STOCHASTIC objective fcn.

Optimization terminated: change in the function value less than OPTIONS.TolFun.
Estimated function value at minimum: 15946.9 +/- 0.232252 (mean +/- SEM from 30 samples).

Beginning optimization of a STOCHASTIC objective fcn.

Optimization terminated: mesh size less than OPTIONS.TolMesh.
Estimated function value at minimum: 18075.8 +/- 0.301115 (mean +/- SEM from 30 samples).

Beginning optimization of a STOCHASTIC objective fcn.

Optimization terminated: change in the function value less than OPTIONS.TolFun.
Estimated function value at minimum: 15947.9 +/- 0.254881 (mean +/- SEM from 30 samples).

Beginning optimization of a STOCHASTIC objective fcn.

Optimization terminated: change in the function value less than OPTIONS.TolFun.
Estimated function value at minimum: 15946.5 +/- 0.21844 (mean +/- SEM from 30 samples).

Beginning optimization of a STOCHASTIC objective fcn.

Optimization terminated: change in the function value less than OPTIONS.TolFun.
Estimated function value at minimum: 15946.9 +/- 0.218823 (mean +/- SEM from 30 samples).

Beginning optimization of a STOCHASTIC objective fcn.

Optimization terminated: change in the function value less than OPTIONS.TolFun.
Estimated function value at minimum: 16546.6 +/- 0.257524 (mean +/- SEM from 30 samples).

Beginning optimization of a STOCHASTIC objective fcn.

Optimization terminated: change in the function value less than OPTIONS.TolFun.
Estimated function value at minimum: 15947 +/- 0.291586 (mean +/- SEM from 30 samples).

Beginning optimization of a STOCHASTIC objective fcn.

Optimization terminated: change in the function value less than OPTIONS.TolFun.
Estimated function value at minimum: 15954.7 +/- 0.264362 (mean +/- SEM from 30 samples).

Beginning optimization of a STOCHASTIC objective fcn.

Optimization terminated: change in the function value less than OPTIONS.TolFun.
Estimated function value at minimum: 16451.4 +/- 0.318311 (mean +/- SEM from 30 samples).

Beginning optimization of a STOCHASTIC objective fcn.

Optimization terminated: mesh size less than OPTIONS.TolMesh.
Estimated function value at minimum: 15947.1 +/- 0.214871 (mean +/- SEM from 30 samples).

Model 3, nll = 15946.496424
