Loading matlab/R2021b
  Loading requirement: cuda/9.1

                            < M A T L A B (R) >
                  Copyright 1984-2021 The MathWorks, Inc.
             R2021b Update 6 (9.11.0.2207237) 64-bit (glnxa64)
                             February 23, 2023

 
To get started, type doc.
For product information, visit www.mathworks.com.
 
	Model 1
Beginning optimization of a STOCHASTIC objective fcn.

Optimization terminated: change in the function value less than OPTIONS.TolFun.
Estimated function value at minimum: 18721.2 +/- 1.98941 (mean +/- SEM from 30 samples).

Beginning optimization of a STOCHASTIC objective fcn.

Optimization terminated: change in the function value less than OPTIONS.TolFun.
Estimated function value at minimum: 18355.9 +/- 1.77692 (mean +/- SEM from 30 samples).

Beginning optimization of a STOCHASTIC objective fcn.

Optimization terminated: change in the function value less than OPTIONS.TolFun.
Estimated function value at minimum: 18994.5 +/- 0.26141 (mean +/- SEM from 30 samples).

Beginning optimization of a STOCHASTIC objective fcn.

Optimization terminated: change in the function value less than OPTIONS.TolFun.
Estimated function value at minimum: 18813.7 +/- 0.23654 (mean +/- SEM from 30 samples).

Beginning optimization of a STOCHASTIC objective fcn.

Optimization terminated: mesh size less than OPTIONS.TolMesh.
Estimated function value at minimum: 18333.4 +/- 2.99533 (mean +/- SEM from 30 samples).

Beginning optimization of a STOCHASTIC objective fcn.

Optimization terminated: change in the function value less than OPTIONS.TolFun.
Estimated function value at minimum: 18488 +/- 1.03069 (mean +/- SEM from 30 samples).

Beginning optimization of a STOCHASTIC objective fcn.

Optimization terminated: change in the function value less than OPTIONS.TolFun.
Estimated function value at minimum: 19185.3 +/- 0.254032 (mean +/- SEM from 30 samples).

Beginning optimization of a STOCHASTIC objective fcn.
