Loading matlab/R2021b
  Loading requirement: cuda/9.1

                            < M A T L A B (R) >
                  Copyright 1984-2021 The MathWorks, Inc.
             R2021b Update 6 (9.11.0.2207237) 64-bit (glnxa64)
                             February 23, 2023

 
To get started, type doc.
For product information, visit www.mathworks.com.
 
Starting parallel pool (parpool) using the 'local' profile ...
Connected to the parallel pool (number of workers: 20).
Mixed noise - late noise 1/2, early noise 1/101
Mixed noise - late noise 1/2, early noise 2/101
Mixed noise - late noise 1/2, early noise 3/101
Mixed noise - late noise 1/2, early noise 4/101
Mixed noise - late noise 1/2, early noise 5/101
Mixed noise - late noise 1/2, early noise 6/101
Mixed noise - late noise 1/2, early noise 7/101
Mixed noise - late noise 1/2, early noise 8/101
Mixed noise - late noise 1/2, early noise 9/101
Mixed noise - late noise 1/2, early noise 10/101
Mixed noise - late noise 1/2, early noise 11/101
Mixed noise - late noise 1/2, early noise 12/101
Mixed noise - late noise 1/2, early noise 13/101
Mixed noise - late noise 1/2, early noise 14/101
Mixed noise - late noise 1/2, early noise 15/101
Mixed noise - late noise 1/2, early noise 16/101
Mixed noise - late noise 1/2, early noise 17/101
Mixed noise - late noise 1/2, early noise 18/101
Mixed noise - late noise 1/2, early noise 19/101
Mixed noise - late noise 1/2, early noise 20/101
Mixed noise - late noise 1/2, early noise 21/101
Mixed noise - late noise 1/2, early noise 22/101
Mixed noise - late noise 1/2, early noise 23/101
Mixed noise - late noise 1/2, early noise 24/101
Mixed noise - late noise 1/2, early noise 25/101
Mixed noise - late noise 1/2, early noise 26/101
Mixed noise - late noise 1/2, early noise 27/101
Mixed noise - late noise 1/2, early noise 28/101
Mixed noise - late noise 1/2, early noise 29/101
Mixed noise - late noise 1/2, early noise 30/101
Mixed noise - late noise 1/2, early noise 31/101
Mixed noise - late noise 1/2, early noise 32/101
Mixed noise - late noise 1/2, early noise 33/101
Mixed noise - late noise 1/2, early noise 34/101
Mixed noise - late noise 1/2, early noise 35/101
Mixed noise - late noise 1/2, early noise 36/101
Mixed noise - late noise 1/2, early noise 37/101
Mixed noise - late noise 1/2, early noise 38/101
Mixed noise - late noise 1/2, early noise 39/101
Mixed noise - late noise 1/2, early noise 40/101
Mixed noise - late noise 1/2, early noise 41/101
Mixed noise - late noise 1/2, early noise 42/101
Mixed noise - late noise 1/2, early noise 43/101
Mixed noise - late noise 1/2, early noise 44/101
Mixed noise - late noise 1/2, early noise 45/101
Mixed noise - late noise 1/2, early noise 46/101
Mixed noise - late noise 1/2, early noise 47/101
Mixed noise - late noise 1/2, early noise 48/101
Mixed noise - late noise 1/2, early noise 49/101
Mixed noise - late noise 1/2, early noise 50/101
Mixed noise - late noise 1/2, early noise 51/101
Mixed noise - late noise 1/2, early noise 52/101
Mixed noise - late noise 1/2, early noise 53/101
Mixed noise - late noise 1/2, early noise 54/101
Mixed noise - late noise 1/2, early noise 55/101
Mixed noise - late noise 1/2, early noise 56/101
Mixed noise - late noise 1/2, early noise 57/101
Mixed noise - late noise 1/2, early noise 58/101
Mixed noise - late noise 1/2, early noise 59/101
Mixed noise - late noise 1/2, early noise 60/101
Mixed noise - late noise 1/2, early noise 61/101
[Warning: A worker aborted during execution of the parfor loop. The parfor loop
will now run again on the remaining workers.] 
[> In distcomp/remoteparfor/handleIntervalErrorResult (line 245)
In distcomp/remoteparfor/getCompleteIntervals (line 395)
In parallel_function>distributed_execution (line 746)
In parallel_function (line 578)
In Fig4 (line 164)] 
Mixed noise - late noise 1/2, early noise 62/101
Mixed noise - late noise 1/2, early noise 63/101
Mixed noise - late noise 1/2, early noise 64/101
Mixed noise - late noise 1/2, early noise 65/101
Mixed noise - late noise 1/2, early noise 66/101
Mixed noise - late noise 1/2, early noise 67/101
Mixed noise - late noise 1/2, early noise 68/101
Mixed noise - late noise 1/2, early noise 69/101
Mixed noise - late noise 1/2, early noise 70/101
Mixed noise - late noise 1/2, early noise 71/101
Mixed noise - late noise 1/2, early noise 72/101
Mixed noise - late noise 1/2, early noise 73/101
Mixed noise - late noise 1/2, early noise 74/101
Mixed noise - late noise 1/2, early noise 75/101
Mixed noise - late noise 1/2, early noise 76/101
Mixed noise - late noise 1/2, early noise 77/101
Mixed noise - late noise 1/2, early noise 78/101
Mixed noise - late noise 1/2, early noise 79/101
Mixed noise - late noise 1/2, early noise 80/101
Mixed noise - late noise 1/2, early noise 81/101
Mixed noise - late noise 1/2, early noise 82/101
Mixed noise - late noise 1/2, early noise 83/101
Mixed noise - late noise 1/2, early noise 84/101
Mixed noise - late noise 1/2, early noise 85/101
Mixed noise - late noise 1/2, early noise 86/101
Mixed noise - late noise 1/2, early noise 87/101
Mixed noise - late noise 1/2, early noise 88/101
Mixed noise - late noise 1/2, early noise 89/101
Mixed noise - late noise 1/2, early noise 90/101
Mixed noise - late noise 1/2, early noise 91/101
Mixed noise - late noise 1/2, early noise 92/101
Mixed noise - late noise 1/2, early noise 93/101
Mixed noise - late noise 1/2, early noise 94/101
Mixed noise - late noise 1/2, early noise 95/101
Mixed noise - late noise 1/2, early noise 96/101
Mixed noise - late noise 1/2, early noise 97/101
Mixed noise - late noise 1/2, early noise 98/101
Mixed noise - late noise 1/2, early noise 99/101
Mixed noise - late noise 1/2, early noise 100/101
Mixed noise - late noise 1/2, early noise 101/101
Mixed noise - late noise 2/2, early noise 1/101
Mixed noise - late noise 2/2, early noise 2/101
Mixed noise - late noise 2/2, early noise 3/101
Mixed noise - late noise 2/2, early noise 4/101
Mixed noise - late noise 2/2, early noise 5/101
Mixed noise - late noise 2/2, early noise 6/101
Mixed noise - late noise 2/2, early noise 7/101
Mixed noise - late noise 2/2, early noise 8/101
Mixed noise - late noise 2/2, early noise 9/101
Mixed noise - late noise 2/2, early noise 10/101
Mixed noise - late noise 2/2, early noise 11/101
Mixed noise - late noise 2/2, early noise 12/101
Mixed noise - late noise 2/2, early noise 13/101
Mixed noise - late noise 2/2, early noise 14/101
Mixed noise - late noise 2/2, early noise 15/101
Mixed noise - late noise 2/2, early noise 16/101
Mixed noise - late noise 2/2, early noise 17/101
Mixed noise - late noise 2/2, early noise 18/101
Mixed noise - late noise 2/2, early noise 19/101
Mixed noise - late noise 2/2, early noise 20/101
Mixed noise - late noise 2/2, early noise 21/101
Mixed noise - late noise 2/2, early noise 22/101
Mixed noise - late noise 2/2, early noise 23/101
Mixed noise - late noise 2/2, early noise 24/101
Mixed noise - late noise 2/2, early noise 25/101
Mixed noise - late noise 2/2, early noise 26/101
Mixed noise - late noise 2/2, early noise 27/101
Mixed noise - late noise 2/2, early noise 28/101
Mixed noise - late noise 2/2, early noise 29/101
Mixed noise - late noise 2/2, early noise 30/101
Mixed noise - late noise 2/2, early noise 31/101
Mixed noise - late noise 2/2, early noise 32/101
Mixed noise - late noise 2/2, early noise 33/101
Mixed noise - late noise 2/2, early noise 34/101
Mixed noise - late noise 2/2, early noise 35/101
Mixed noise - late noise 2/2, early noise 36/101
Mixed noise - late noise 2/2, early noise 37/101
Mixed noise - late noise 2/2, early noise 38/101
Mixed noise - late noise 2/2, early noise 39/101
Mixed noise - late noise 2/2, early noise 40/101
Mixed noise - late noise 2/2, early noise 41/101
Mixed noise - late noise 2/2, early noise 42/101
Mixed noise - late noise 2/2, early noise 43/101
Mixed noise - late noise 2/2, early noise 44/101
Mixed noise - late noise 2/2, early noise 45/101
Mixed noise - late noise 2/2, early noise 46/101
Mixed noise - late noise 2/2, early noise 47/101
Mixed noise - late noise 2/2, early noise 48/101
Mixed noise - late noise 2/2, early noise 49/101
Mixed noise - late noise 2/2, early noise 50/101
Mixed noise - late noise 2/2, early noise 51/101
Mixed noise - late noise 2/2, early noise 52/101
Mixed noise - late noise 2/2, early noise 53/101
Mixed noise - late noise 2/2, early noise 54/101
Mixed noise - late noise 2/2, early noise 55/101
Mixed noise - late noise 2/2, early noise 56/101
Mixed noise - late noise 2/2, early noise 57/101
Mixed noise - late noise 2/2, early noise 58/101
Mixed noise - late noise 2/2, early noise 59/101
Mixed noise - late noise 2/2, early noise 60/101
Mixed noise - late noise 2/2, early noise 61/101
Mixed noise - late noise 2/2, early noise 62/101
Mixed noise - late noise 2/2, early noise 63/101
Mixed noise - late noise 2/2, early noise 64/101
Mixed noise - late noise 2/2, early noise 65/101
Mixed noise - late noise 2/2, early noise 66/101
Mixed noise - late noise 2/2, early noise 67/101
Mixed noise - late noise 2/2, early noise 68/101
Mixed noise - late noise 2/2, early noise 69/101
Mixed noise - late noise 2/2, early noise 70/101
Mixed noise - late noise 2/2, early noise 71/101
Mixed noise - late noise 2/2, early noise 72/101
Mixed noise - late noise 2/2, early noise 73/101
Mixed noise - late noise 2/2, early noise 74/101
Mixed noise - late noise 2/2, early noise 75/101
Mixed noise - late noise 2/2, early noise 76/101
Mixed noise - late noise 2/2, early noise 77/101
Mixed noise - late noise 2/2, early noise 78/101
Mixed noise - late noise 2/2, early noise 79/101
Mixed noise - late noise 2/2, early noise 80/101
Mixed noise - late noise 2/2, early noise 81/101
Mixed noise - late noise 2/2, early noise 82/101
Mixed noise - late noise 2/2, early noise 83/101
Mixed noise - late noise 2/2, early noise 84/101
Mixed noise - late noise 2/2, early noise 85/101
Mixed noise - late noise 2/2, early noise 86/101
Mixed noise - late noise 2/2, early noise 87/101
Mixed noise - late noise 2/2, early noise 88/101
Mixed noise - late noise 2/2, early noise 89/101
Mixed noise - late noise 2/2, early noise 90/101
Mixed noise - late noise 2/2, early noise 91/101
Mixed noise - late noise 2/2, early noise 92/101
Mixed noise - late noise 2/2, early noise 93/101
Mixed noise - late noise 2/2, early noise 94/101
Mixed noise - late noise 2/2, early noise 95/101
Mixed noise - late noise 2/2, early noise 96/101
Mixed noise - late noise 2/2, early noise 97/101
Mixed noise - late noise 2/2, early noise 98/101
Mixed noise - late noise 2/2, early noise 99/101
Mixed noise - late noise 2/2, early noise 100/101
Mixed noise - late noise 2/2, early noise 101/101
slurmstepd-a100-4024: error: Detected 1 oom_kill event in StepId=48260900.batch. Some of the step tasks have been OOM Killed.
